<?xml version="1.0" encoding="UTF-8"?>
<!-- Generated by org.testng.reporters.JUnitReportReporter -->
<testsuite hostname="DESKTOP-JONVDBN" failures="0" tests="1" name="testCases.TC002_LoginTest" time="14.227" errors="0" timestamp="2025-04-17T18:03:53 IST" skipped="0">
  <testcase classname="testCases.TC002_LoginTest" name="verify_login_functionality" time="14.227"/>
</testsuite> <!-- testCases.TC002_LoginTest -->
