<?xml version="1.0" encoding="UTF-8"?>
<!-- Generated by org.testng.reporters.JUnitReportReporter -->
<testsuite hostname="DESKTOP-JONVDBN" failures="0" tests="1" name="testCases.TC001_AccountRegistrationTest" time="13.312" errors="0" timestamp="2025-03-23T21:36:41 IST" skipped="0">
  <testcase classname="testCases.TC001_AccountRegistrationTest" name="verify_account_registration" time="13.312"/>
</testsuite> <!-- testCases.TC001_AccountRegistrationTest -->
