<?xml version="1.0" encoding="UTF-8"?>
<!-- Generated by org.testng.reporters.JUnitReportReporter -->
<testsuite hostname="DESKTOP-JONVDBN" failures="0" tests="1" name="testCases.TC002_LoginTest" time="12.860" errors="0" timestamp="2025-04-16T21:44:02 IST" skipped="0">
  <testcase classname="testCases.TC002_LoginTest" name="verify_login_functionality" time="12.860"/>
</testsuite> <!-- testCases.TC002_LoginTest -->
